<?xml version="1.0" encoding="UTF-8"?>
<!-- Generated by org.testng.reporters.JUnitXMLReporter -->
<testsuite hostname="PC441585" ignored="0" name="Test5" tests="7" failures="0" timestamp="09 May 2019 08:40:06 GMT" time="218.946" errors="0">
  <testcase name="popupClose" time="12.496" classname="mainEvent.Run.BirthdayFlowTC_05"/>
  <testcase name="verifyBirthdayNavigationFunctionality" time="10.053" classname="mainEvent.Run.BirthdayFlowTC_05"/>
  <testcase name="verifySearchLocationPage" time="15.407" classname="mainEvent.Run.BirthdayFlowTC_05"/>
  <testcase name="verifySearchLocationFillValidationAndNavigation" time="52.51" classname="mainEvent.Run.BirthdayFlowTC_05"/>
  <testcase name="verifySelectPackagePage" time="3.171" classname="mainEvent.Run.BirthdayFlowTC_05"/>
  <testcase name="verifyGuestCountPopup" time="6.66" classname="mainEvent.Run.BirthdayFlowTC_05"/>
  <testcase name="ConfigurePkgValidations" time="96.328" classname="mainEvent.Run.BirthdayFlowTC_05"/>
</testsuite> <!-- Test5 -->
