<?xml version="1.0" encoding="UTF-8"?>
<!-- Generated by org.testng.reporters.JUnitXMLReporter -->
<testsuite hostname="PC441585" ignored="0" name="Test3" tests="5" failures="0" timestamp="09 May 2019 08:34:22 GMT" time="128.259" errors="0">
  <testcase name="popupClose" time="12.235" classname="mainEvent.Run.BirthdayFlowTC_03"/>
  <testcase name="verifyBirthdayNavigationFunctionality" time="9.535" classname="mainEvent.Run.BirthdayFlowTC_03"/>
  <testcase name="verifySearchLocationPage" time="15.333" classname="mainEvent.Run.BirthdayFlowTC_03"/>
  <testcase name="verifySearchLocationFillValidationAndNavigation" time="52.564" classname="mainEvent.Run.BirthdayFlowTC_03"/>
  <testcase name="verifySelectPackagePage" time="13.361" classname="mainEvent.Run.BirthdayFlowTC_03"/>
</testsuite> <!-- Test3 -->
