<?xml version="1.0" encoding="UTF-8"?>
<!-- Generated by org.testng.reporters.JUnitXMLReporter -->
<testsuite hostname="PC441585" ignored="0" name="Test2" tests="4" failures="0" timestamp="09 May 2019 08:32:14 GMT" time="114.695" errors="0">
  <testcase name="popupClose" time="12.24" classname="mainEvent.Run.BirthdayFlowTC_02"/>
  <testcase name="verifyBirthdayNavigationFunctionality" time="9.588" classname="mainEvent.Run.BirthdayFlowTC_02"/>
  <testcase name="verifySearchLocationPage" time="15.439" classname="mainEvent.Run.BirthdayFlowTC_02"/>
  <testcase name="verifySearchLocationFillValidationAndNavigation" time="52.577" classname="mainEvent.Run.BirthdayFlowTC_02"/>
</testsuite> <!-- Test2 -->
