<?xml version="1.0" encoding="UTF-8"?>
<!-- Generated by org.testng.reporters.JUnitXMLReporter -->
<testsuite hostname="PC441585" ignored="0" name="Test4" tests="6" failures="0" timestamp="09 May 2019 08:36:27 GMT" time="125.313" errors="0">
  <testcase name="popupClose" time="12.521" classname="mainEvent.Run.BirthdayFlowTC_04"/>
  <testcase name="verifyBirthdayNavigationFunctionality" time="9.861" classname="mainEvent.Run.BirthdayFlowTC_04"/>
  <testcase name="verifySearchLocationPage" time="15.535" classname="mainEvent.Run.BirthdayFlowTC_04"/>
  <testcase name="verifySearchLocationFillValidationAndNavigation" time="53.137" classname="mainEvent.Run.BirthdayFlowTC_04"/>
  <testcase name="verifySelectPackagePage" time="3.187" classname="mainEvent.Run.BirthdayFlowTC_04"/>
  <testcase name="verifyGuestCountPopup" time="6.561" classname="mainEvent.Run.BirthdayFlowTC_04"/>
</testsuite> <!-- Test4 -->
