<?xml version="1.0" encoding="UTF-8"?>
<testng-results skipped="3" failed="0" ignored="0" total="12" passed="9">
  <reporter-output>
  </reporter-output>
  <suite name="Default suite" duration-ms="306628" started-at="2019-07-11T12:34:15Z" finished-at="2019-07-11T12:39:21Z">
    <groups>
    </groups>
    <test name="Default test" duration-ms="306628" started-at="2019-07-11T12:34:15Z" finished-at="2019-07-11T12:39:21Z">
      <class name="mainEvent.Run.BowlingFlowTC_14">
        <test-method status="PASS" signature="launchdriver()[pri:0, instance:mainEvent.Run.BowlingFlowTC_14@462d5aee]" name="launchdriver" is-config="true" duration-ms="50009" started-at="2019-07-11T12:34:15Z" finished-at="2019-07-11T12:35:05Z">
          <reporter-output>
          </reporter-output>
        </test-method> <!-- launchdriver -->
        <test-method status="PASS" signature="beforeClass()[pri:0, instance:mainEvent.Run.BowlingFlowTC_14@462d5aee]" name="beforeClass" is-config="true" duration-ms="514" started-at="2019-07-11T12:35:05Z" finished-at="2019-07-11T12:35:05Z">
          <reporter-output>
          </reporter-output>
        </test-method> <!-- beforeClass -->
        <test-method status="PASS" signature="popupClose()[pri:1, instance:mainEvent.Run.BowlingFlowTC_14@462d5aee]" name="popupClose" duration-ms="15113" started-at="2019-07-11T12:35:05Z" finished-at="2019-07-11T12:35:20Z">
          <reporter-output>
          </reporter-output>
        </test-method> <!-- popupClose -->
        <test-method status="PASS" signature="getResult(org.testng.ITestResult)[pri:0, instance:mainEvent.Run.BowlingFlowTC_14@462d5aee]" name="getResult" is-config="true" duration-ms="32" started-at="2019-07-11T12:35:20Z" finished-at="2019-07-11T12:35:20Z">
          <params>
            <param index="0">
              <value>
                <![CDATA[[TestResult name=popupClose status=SUCCESS method=BowlingFlowTC_14.popupClose()[pri:1, instance:mainEvent.Run.BowlingFlowTC_14@462d5aee] output={null}]]]>
              </value>
            </param>
          </params>
          <reporter-output>
          </reporter-output>
        </test-method> <!-- getResult -->
        <test-method status="PASS" signature="BowlingReserveBttn()[pri:2, instance:mainEvent.Run.BowlingFlowTC_14@462d5aee]" name="BowlingReserveBttn" duration-ms="11767" started-at="2019-07-11T12:35:20Z" finished-at="2019-07-11T12:35:32Z">
          <reporter-output>
          </reporter-output>
        </test-method> <!-- BowlingReserveBttn -->
        <test-method status="PASS" signature="getResult(org.testng.ITestResult)[pri:0, instance:mainEvent.Run.BowlingFlowTC_14@462d5aee]" name="getResult" is-config="true" duration-ms="0" started-at="2019-07-11T12:35:32Z" finished-at="2019-07-11T12:35:32Z">
          <params>
            <param index="0">
              <value>
                <![CDATA[[TestResult name=BowlingReserveBttn status=SUCCESS method=BowlingFlowTC_14.BowlingReserveBttn()[pri:2, instance:mainEvent.Run.BowlingFlowTC_14@462d5aee] output={null}]]]>
              </value>
            </param>
          </params>
          <reporter-output>
          </reporter-output>
        </test-method> <!-- getResult -->
        <test-method status="SKIP" signature="LocationSearchFunctionalityValidations()[pri:3, instance:mainEvent.Run.BowlingFlowTC_14@462d5aee]" name="LocationSearchFunctionalityValidations" duration-ms="28500" started-at="2019-07-11T12:35:32Z" finished-at="2019-07-11T12:36:01Z">
          <exception class="org.openqa.selenium.NoSuchElementException">
            <message>
              <![CDATA[no such element: Unable to locate element: {"method":"xpath","selector":"((//label[@class='control-label']))[9]"}
  (Session info: chrome=72.0.3626.121)
  (Driver info: chromedriver=2.38.552522 (437e6fbedfa8762dec75e2c5b3ddb86763dc9dcb),platform=Windows NT 10.0.16299 x86_64) (WARNING: The server did not provide any stacktrace information)
Command duration or timeout: 20.07 seconds
For documentation on this error, please visit: http://seleniumhq.org/exceptions/no_such_element.html
Build info: version: 'unknown', revision: '8c03df6', time: '2017-03-02 09:30:17 -0800'
System info: host: 'PC441585', ip: '10.227.9.192', os.name: 'Windows 10', os.arch: 'amd64', os.version: '10.0', java.version: '1.8.0_144'
Driver info: org.openqa.selenium.chrome.ChromeDriver
Capabilities [{applicationCacheEnabled=false, rotatable=false, mobileEmulationEnabled=false, networkConnectionEnabled=false, chrome={chromedriverVersion=2.38.552522 (437e6fbedfa8762dec75e2c5b3ddb86763dc9dcb), userDataDir=C:\Users\698531\AppData\Local\Temp\scoped_dir55572_20513}, takesHeapSnapshot=true, pageLoadStrategy=normal, databaseEnabled=false, handlesAlerts=true, hasTouchScreen=false, version=72.0.3626.121, platform=XP, browserConnectionEnabled=false, nativeEvents=true, acceptSslCerts=false, acceptInsecureCerts=false, locationContextEnabled=true, webStorageEnabled=true, browserName=chrome, takesScreenshot=true, javascriptEnabled=true, cssSelectorsEnabled=true, setWindowRect=true, unexpectedAlertBehaviour=}]
Session ID: 5584bb473ff2a868fa5204a86eda86be
*** Element info: {Using=xpath, value=((//label[@class='control-label']))[9]}]]>
            </message>
            <full-stacktrace>
              <![CDATA[org.openqa.selenium.NoSuchElementException: no such element: Unable to locate element: {"method":"xpath","selector":"((//label[@class='control-label']))[9]"}
  (Session info: chrome=72.0.3626.121)
  (Driver info: chromedriver=2.38.552522 (437e6fbedfa8762dec75e2c5b3ddb86763dc9dcb),platform=Windows NT 10.0.16299 x86_64) (WARNING: The server did not provide any stacktrace information)
Command duration or timeout: 20.07 seconds
For documentation on this error, please visit: http://seleniumhq.org/exceptions/no_such_element.html
Build info: version: 'unknown', revision: '8c03df6', time: '2017-03-02 09:30:17 -0800'
System info: host: 'PC441585', ip: '10.227.9.192', os.name: 'Windows 10', os.arch: 'amd64', os.version: '10.0', java.version: '1.8.0_144'
Driver info: org.openqa.selenium.chrome.ChromeDriver
Capabilities [{applicationCacheEnabled=false, rotatable=false, mobileEmulationEnabled=false, networkConnectionEnabled=false, chrome={chromedriverVersion=2.38.552522 (437e6fbedfa8762dec75e2c5b3ddb86763dc9dcb), userDataDir=C:\Users\698531\AppData\Local\Temp\scoped_dir55572_20513}, takesHeapSnapshot=true, pageLoadStrategy=normal, databaseEnabled=false, handlesAlerts=true, hasTouchScreen=false, version=72.0.3626.121, platform=XP, browserConnectionEnabled=false, nativeEvents=true, acceptSslCerts=false, acceptInsecureCerts=false, locationContextEnabled=true, webStorageEnabled=true, browserName=chrome, takesScreenshot=true, javascriptEnabled=true, cssSelectorsEnabled=true, setWindowRect=true, unexpectedAlertBehaviour=}]
Session ID: 5584bb473ff2a868fa5204a86eda86be
*** Element info: {Using=xpath, value=((//label[@class='control-label']))[9]}
at sun.reflect.NativeConstructorAccessorImpl.newInstance0(Native Method)
at sun.reflect.NativeConstructorAccessorImpl.newInstance(Unknown Source)
at sun.reflect.DelegatingConstructorAccessorImpl.newInstance(Unknown Source)
at java.lang.reflect.Constructor.newInstance(Unknown Source)
at org.openqa.selenium.remote.ErrorHandler.createThrowable(ErrorHandler.java:216)
at org.openqa.selenium.remote.ErrorHandler.throwIfResponseFailed(ErrorHandler.java:168)
at org.openqa.selenium.remote.RemoteWebDriver.execute(RemoteWebDriver.java:638)
at org.openqa.selenium.remote.RemoteWebDriver.findElement(RemoteWebDriver.java:371)
at org.openqa.selenium.remote.RemoteWebDriver.findElementByXPath(RemoteWebDriver.java:476)
at org.openqa.selenium.By$ByXPath.findElement(By.java:361)
at org.openqa.selenium.remote.RemoteWebDriver.findElement(RemoteWebDriver.java:363)
at Bowling_common_flow.Location_search_functionality_validations.location_validations(Location_search_functionality_validations.java:45)
at mainEvent.Run.BowlingFlowTC_14.LocationSearchFunctionalityValidations(BowlingFlowTC_14.java:64)
at sun.reflect.NativeMethodAccessorImpl.invoke0(Native Method)
at sun.reflect.NativeMethodAccessorImpl.invoke(Unknown Source)
at sun.reflect.DelegatingMethodAccessorImpl.invoke(Unknown Source)
at java.lang.reflect.Method.invoke(Unknown Source)
at org.testng.internal.MethodInvocationHelper.invokeMethod(MethodInvocationHelper.java:124)
at org.testng.internal.Invoker.invokeMethod(Invoker.java:580)
at org.testng.internal.Invoker.invokeTestMethod(Invoker.java:716)
at org.testng.internal.Invoker.invokeTestMethods(Invoker.java:988)
at org.testng.internal.TestMethodWorker.invokeTestMethods(TestMethodWorker.java:125)
at org.testng.internal.TestMethodWorker.run(TestMethodWorker.java:109)
at org.testng.TestRunner.privateRun(TestRunner.java:648)
at org.testng.TestRunner.run(TestRunner.java:505)
at org.testng.SuiteRunner.runTest(SuiteRunner.java:455)
at org.testng.SuiteRunner.runSequentially(SuiteRunner.java:450)
at org.testng.SuiteRunner.privateRun(SuiteRunner.java:415)
at org.testng.SuiteRunner.run(SuiteRunner.java:364)
at org.testng.SuiteRunnerWorker.runSuite(SuiteRunnerWorker.java:52)
at org.testng.SuiteRunnerWorker.run(SuiteRunnerWorker.java:84)
at org.testng.TestNG.runSuitesSequentially(TestNG.java:1208)
at org.testng.TestNG.runSuitesLocally(TestNG.java:1137)
at org.testng.TestNG.runSuites(TestNG.java:1049)
at org.testng.TestNG.run(TestNG.java:1017)
at org.testng.remote.AbstractRemoteTestNG.run(AbstractRemoteTestNG.java:114)
at org.testng.remote.RemoteTestNG.initAndRun(RemoteTestNG.java:251)
at org.testng.remote.RemoteTestNG.main(RemoteTestNG.java:77)
]]>
            </full-stacktrace>
          </exception> <!-- org.openqa.selenium.NoSuchElementException -->
          <reporter-output>
          </reporter-output>
        </test-method> <!-- LocationSearchFunctionalityValidations -->
        <test-method status="PASS" signature="getResult(org.testng.ITestResult)[pri:0, instance:mainEvent.Run.BowlingFlowTC_14@462d5aee]" name="getResult" is-config="true" duration-ms="1" started-at="2019-07-11T12:36:01Z" finished-at="2019-07-11T12:36:01Z">
          <params>
            <param index="0">
              <value>
                <![CDATA[[TestResult name=LocationSearchFunctionalityValidations status=SKIP method=BowlingFlowTC_14.LocationSearchFunctionalityValidations()[pri:3, instance:mainEvent.Run.BowlingFlowTC_14@462d5aee] output={null}]]]>
              </value>
            </param>
          </params>
          <reporter-output>
          </reporter-output>
        </test-method> <!-- getResult -->
        <test-method status="PASS" signature="LocationSearchFunctionalityValidations()[pri:3, instance:mainEvent.Run.BowlingFlowTC_14@462d5aee]" name="LocationSearchFunctionalityValidations" duration-ms="37167" started-at="2019-07-11T12:36:01Z" finished-at="2019-07-11T12:36:38Z">
          <reporter-output>
          </reporter-output>
        </test-method> <!-- LocationSearchFunctionalityValidations -->
        <test-method status="PASS" signature="getResult(org.testng.ITestResult)[pri:0, instance:mainEvent.Run.BowlingFlowTC_14@462d5aee]" name="getResult" is-config="true" duration-ms="1" started-at="2019-07-11T12:36:38Z" finished-at="2019-07-11T12:36:38Z">
          <params>
            <param index="0">
              <value>
                <![CDATA[[TestResult name=LocationSearchFunctionalityValidations status=SUCCESS method=BowlingFlowTC_14.LocationSearchFunctionalityValidations()[pri:3, instance:mainEvent.Run.BowlingFlowTC_14@462d5aee] output={null}]]]>
              </value>
            </param>
          </params>
          <reporter-output>
          </reporter-output>
        </test-method> <!-- getResult -->
        <test-method status="PASS" signature="verifySearchLocationFillValidationAndNavigation()[pri:4, instance:mainEvent.Run.BowlingFlowTC_14@462d5aee]" name="verifySearchLocationFillValidationAndNavigation" duration-ms="65685" started-at="2019-07-11T12:36:38Z" finished-at="2019-07-11T12:37:44Z">
          <reporter-output>
          </reporter-output>
        </test-method> <!-- verifySearchLocationFillValidationAndNavigation -->
        <test-method status="PASS" signature="getResult(org.testng.ITestResult)[pri:0, instance:mainEvent.Run.BowlingFlowTC_14@462d5aee]" name="getResult" is-config="true" duration-ms="0" started-at="2019-07-11T12:37:44Z" finished-at="2019-07-11T12:37:44Z">
          <params>
            <param index="0">
              <value>
                <![CDATA[[TestResult name=verifySearchLocationFillValidationAndNavigation status=SUCCESS method=BowlingFlowTC_14.verifySearchLocationFillValidationAndNavigation()[pri:4, instance:mainEvent.Run.BowlingFlowTC_14@462d5aee] output={null}]]]>
              </value>
            </param>
          </params>
          <reporter-output>
          </reporter-output>
        </test-method> <!-- getResult -->
        <test-method status="SKIP" signature="SelectTimePageValidations()[pri:5, instance:mainEvent.Run.BowlingFlowTC_14@462d5aee]" name="SelectTimePageValidations" duration-ms="19036" started-at="2019-07-11T12:37:44Z" finished-at="2019-07-11T12:38:03Z">
          <exception class="org.openqa.selenium.WebDriverException">
            <message>
              <![CDATA[unknown error: Element <input type="text" name="demo" ng-model="selectObj.selectedOption.text" aria-label="miles" ng-click="openDropDown($event)" ng-enter="openDropDown($event)" readonly="readonly" placeholder="" required="" ng-if="isReq" class="ng-pristine ng-untouched ng-valid ng-scope ng-valid-required"> is not clickable at point (1236, 470). Other element would receive the click: <div class="picker__holder">...</div>
  (Session info: chrome=72.0.3626.121)
  (Driver info: chromedriver=2.38.552522 (437e6fbedfa8762dec75e2c5b3ddb86763dc9dcb),platform=Windows NT 10.0.16299 x86_64) (WARNING: The server did not provide any stacktrace information)
Command duration or timeout: 37 milliseconds
Build info: version: 'unknown', revision: '8c03df6', time: '2017-03-02 09:30:17 -0800'
System info: host: 'PC441585', ip: '10.227.9.192', os.name: 'Windows 10', os.arch: 'amd64', os.version: '10.0', java.version: '1.8.0_144'
Driver info: org.openqa.selenium.chrome.ChromeDriver
Capabilities [{applicationCacheEnabled=false, rotatable=false, mobileEmulationEnabled=false, networkConnectionEnabled=false, chrome={chromedriverVersion=2.38.552522 (437e6fbedfa8762dec75e2c5b3ddb86763dc9dcb), userDataDir=C:\Users\698531\AppData\Local\Temp\scoped_dir55572_20513}, takesHeapSnapshot=true, pageLoadStrategy=normal, databaseEnabled=false, handlesAlerts=true, hasTouchScreen=false, version=72.0.3626.121, platform=XP, browserConnectionEnabled=false, nativeEvents=true, acceptSslCerts=false, acceptInsecureCerts=false, locationContextEnabled=true, webStorageEnabled=true, browserName=chrome, takesScreenshot=true, javascriptEnabled=true, cssSelectorsEnabled=true, setWindowRect=true, unexpectedAlertBehaviour=}]
Session ID: 5584bb473ff2a868fa5204a86eda86be]]>
            </message>
            <full-stacktrace>
              <![CDATA[org.openqa.selenium.WebDriverException: unknown error: Element <input type="text" name="demo" ng-model="selectObj.selectedOption.text" aria-label="miles" ng-click="openDropDown($event)" ng-enter="openDropDown($event)" readonly="readonly" placeholder="" required="" ng-if="isReq" class="ng-pristine ng-untouched ng-valid ng-scope ng-valid-required"> is not clickable at point (1236, 470). Other element would receive the click: <div class="picker__holder">...</div>
  (Session info: chrome=72.0.3626.121)
  (Driver info: chromedriver=2.38.552522 (437e6fbedfa8762dec75e2c5b3ddb86763dc9dcb),platform=Windows NT 10.0.16299 x86_64) (WARNING: The server did not provide any stacktrace information)
Command duration or timeout: 37 milliseconds
Build info: version: 'unknown', revision: '8c03df6', time: '2017-03-02 09:30:17 -0800'
System info: host: 'PC441585', ip: '10.227.9.192', os.name: 'Windows 10', os.arch: 'amd64', os.version: '10.0', java.version: '1.8.0_144'
Driver info: org.openqa.selenium.chrome.ChromeDriver
Capabilities [{applicationCacheEnabled=false, rotatable=false, mobileEmulationEnabled=false, networkConnectionEnabled=false, chrome={chromedriverVersion=2.38.552522 (437e6fbedfa8762dec75e2c5b3ddb86763dc9dcb), userDataDir=C:\Users\698531\AppData\Local\Temp\scoped_dir55572_20513}, takesHeapSnapshot=true, pageLoadStrategy=normal, databaseEnabled=false, handlesAlerts=true, hasTouchScreen=false, version=72.0.3626.121, platform=XP, browserConnectionEnabled=false, nativeEvents=true, acceptSslCerts=false, acceptInsecureCerts=false, locationContextEnabled=true, webStorageEnabled=true, browserName=chrome, takesScreenshot=true, javascriptEnabled=true, cssSelectorsEnabled=true, setWindowRect=true, unexpectedAlertBehaviour=}]
Session ID: 5584bb473ff2a868fa5204a86eda86be
at sun.reflect.NativeConstructorAccessorImpl.newInstance0(Native Method)
at sun.reflect.NativeConstructorAccessorImpl.newInstance(Unknown Source)
at sun.reflect.DelegatingConstructorAccessorImpl.newInstance(Unknown Source)
at java.lang.reflect.Constructor.newInstance(Unknown Source)
at org.openqa.selenium.remote.ErrorHandler.createThrowable(ErrorHandler.java:216)
at org.openqa.selenium.remote.ErrorHandler.throwIfResponseFailed(ErrorHandler.java:168)
at org.openqa.selenium.remote.RemoteWebDriver.execute(RemoteWebDriver.java:638)
at org.openqa.selenium.remote.RemoteWebElement.execute(RemoteWebElement.java:274)
at org.openqa.selenium.remote.RemoteWebElement.click(RemoteWebElement.java:84)
at Bowling_common_flow.Select_time_page_validations.verify_slct_time_PAGE(Select_time_page_validations.java:132)
at mainEvent.Run.BowlingFlowTC_14.SelectTimePageValidations(BowlingFlowTC_14.java:79)
at sun.reflect.NativeMethodAccessorImpl.invoke0(Native Method)
at sun.reflect.NativeMethodAccessorImpl.invoke(Unknown Source)
at sun.reflect.DelegatingMethodAccessorImpl.invoke(Unknown Source)
at java.lang.reflect.Method.invoke(Unknown Source)
at org.testng.internal.MethodInvocationHelper.invokeMethod(MethodInvocationHelper.java:124)
at org.testng.internal.Invoker.invokeMethod(Invoker.java:580)
at org.testng.internal.Invoker.invokeTestMethod(Invoker.java:716)
at org.testng.internal.Invoker.invokeTestMethods(Invoker.java:988)
at org.testng.internal.TestMethodWorker.invokeTestMethods(TestMethodWorker.java:125)
at org.testng.internal.TestMethodWorker.run(TestMethodWorker.java:109)
at org.testng.TestRunner.privateRun(TestRunner.java:648)
at org.testng.TestRunner.run(TestRunner.java:505)
at org.testng.SuiteRunner.runTest(SuiteRunner.java:455)
at org.testng.SuiteRunner.runSequentially(SuiteRunner.java:450)
at org.testng.SuiteRunner.privateRun(SuiteRunner.java:415)
at org.testng.SuiteRunner.run(SuiteRunner.java:364)
at org.testng.SuiteRunnerWorker.runSuite(SuiteRunnerWorker.java:52)
at org.testng.SuiteRunnerWorker.run(SuiteRunnerWorker.java:84)
at org.testng.TestNG.runSuitesSequentially(TestNG.java:1208)
at org.testng.TestNG.runSuitesLocally(TestNG.java:1137)
at org.testng.TestNG.runSuites(TestNG.java:1049)
at org.testng.TestNG.run(TestNG.java:1017)
at org.testng.remote.AbstractRemoteTestNG.run(AbstractRemoteTestNG.java:114)
at org.testng.remote.RemoteTestNG.initAndRun(RemoteTestNG.java:251)
at org.testng.remote.RemoteTestNG.main(RemoteTestNG.java:77)
]]>
            </full-stacktrace>
          </exception> <!-- org.openqa.selenium.WebDriverException -->
          <reporter-output>
          </reporter-output>
        </test-method> <!-- SelectTimePageValidations -->
        <test-method status="PASS" signature="SelectTimePageValidations()[pri:5, instance:mainEvent.Run.BowlingFlowTC_14@462d5aee]" name="SelectTimePageValidations" duration-ms="47359" started-at="2019-07-11T12:38:03Z" finished-at="2019-07-11T12:38:50Z">
          <reporter-output>
          </reporter-output>
        </test-method> <!-- SelectTimePageValidations -->
        <test-method status="PASS" signature="getResult(org.testng.ITestResult)[pri:0, instance:mainEvent.Run.BowlingFlowTC_14@462d5aee]" name="getResult" is-config="true" duration-ms="0" started-at="2019-07-11T12:38:03Z" finished-at="2019-07-11T12:38:03Z">
          <params>
            <param index="0">
              <value>
                <![CDATA[[TestResult name=SelectTimePageValidations status=SKIP method=BowlingFlowTC_14.SelectTimePageValidations()[pri:5, instance:mainEvent.Run.BowlingFlowTC_14@462d5aee] output={null}]]]>
              </value>
            </param>
          </params>
          <reporter-output>
          </reporter-output>
        </test-method> <!-- getResult -->
        <test-method status="PASS" signature="getResult(org.testng.ITestResult)[pri:0, instance:mainEvent.Run.BowlingFlowTC_14@462d5aee]" name="getResult" is-config="true" duration-ms="0" started-at="2019-07-11T12:38:50Z" finished-at="2019-07-11T12:38:50Z">
          <params>
            <param index="0">
              <value>
                <![CDATA[[TestResult name=SelectTimePageValidations status=SUCCESS method=BowlingFlowTC_14.SelectTimePageValidations()[pri:5, instance:mainEvent.Run.BowlingFlowTC_14@462d5aee] output={null}]]]>
              </value>
            </param>
          </params>
          <reporter-output>
          </reporter-output>
        </test-method> <!-- getResult -->
        <test-method status="PASS" signature="OrderSummaryPageNavigationValidation()[pri:6, instance:mainEvent.Run.BowlingFlowTC_14@462d5aee]" name="OrderSummaryPageNavigationValidation" duration-ms="5887" started-at="2019-07-11T12:38:50Z" finished-at="2019-07-11T12:38:56Z">
          <reporter-output>
          </reporter-output>
        </test-method> <!-- OrderSummaryPageNavigationValidation -->
        <test-method status="PASS" signature="getResult(org.testng.ITestResult)[pri:0, instance:mainEvent.Run.BowlingFlowTC_14@462d5aee]" name="getResult" is-config="true" duration-ms="0" started-at="2019-07-11T12:38:56Z" finished-at="2019-07-11T12:38:56Z">
          <params>
            <param index="0">
              <value>
                <![CDATA[[TestResult name=OrderSummaryPageNavigationValidation status=SUCCESS method=BowlingFlowTC_14.OrderSummaryPageNavigationValidation()[pri:6, instance:mainEvent.Run.BowlingFlowTC_14@462d5aee] output={null}]]]>
              </value>
            </param>
          </params>
          <reporter-output>
          </reporter-output>
        </test-method> <!-- getResult -->
        <test-method status="PASS" signature="verifyDetailsOnOrdersummaryPage()[pri:7, instance:mainEvent.Run.BowlingFlowTC_14@462d5aee]" name="verifyDetailsOnOrdersummaryPage" duration-ms="11527" started-at="2019-07-11T12:38:56Z" finished-at="2019-07-11T12:39:07Z">
          <reporter-output>
          </reporter-output>
        </test-method> <!-- verifyDetailsOnOrdersummaryPage -->
        <test-method status="PASS" signature="getResult(org.testng.ITestResult)[pri:0, instance:mainEvent.Run.BowlingFlowTC_14@462d5aee]" name="getResult" is-config="true" duration-ms="0" started-at="2019-07-11T12:39:07Z" finished-at="2019-07-11T12:39:07Z">
          <params>
            <param index="0">
              <value>
                <![CDATA[[TestResult name=verifyDetailsOnOrdersummaryPage status=SUCCESS method=BowlingFlowTC_14.verifyDetailsOnOrdersummaryPage()[pri:7, instance:mainEvent.Run.BowlingFlowTC_14@462d5aee] output={null}]]]>
              </value>
            </param>
          </params>
          <reporter-output>
          </reporter-output>
        </test-method> <!-- getResult -->
        <test-method status="PASS" signature="verifyPaymentPage()[pri:8, instance:mainEvent.Run.BowlingFlowTC_14@462d5aee]" name="verifyPaymentPage" duration-ms="13199" started-at="2019-07-11T12:39:07Z" finished-at="2019-07-11T12:39:21Z">
          <reporter-output>
          </reporter-output>
        </test-method> <!-- verifyPaymentPage -->
        <test-method status="PASS" signature="getResult(org.testng.ITestResult)[pri:0, instance:mainEvent.Run.BowlingFlowTC_14@462d5aee]" name="getResult" is-config="true" duration-ms="0" started-at="2019-07-11T12:39:21Z" finished-at="2019-07-11T12:39:21Z">
          <params>
            <param index="0">
              <value>
                <![CDATA[[TestResult name=verifyPaymentPage status=SUCCESS method=BowlingFlowTC_14.verifyPaymentPage()[pri:8, instance:mainEvent.Run.BowlingFlowTC_14@462d5aee] output={null}]]]>
              </value>
            </param>
          </params>
          <reporter-output>
          </reporter-output>
        </test-method> <!-- getResult -->
        <test-method status="SKIP" signature="verifyPaymentPage_Go_back_home_button()[pri:9, instance:mainEvent.Run.BowlingFlowTC_14@462d5aee]" name="verifyPaymentPage_Go_back_home_button" duration-ms="66" started-at="2019-07-11T12:39:21Z" finished-at="2019-07-11T12:39:21Z">
          <exception class="org.openqa.selenium.WebDriverException">
            <message>
              <![CDATA[unknown error: Element <a ui-sref="/" ui-sref-opts="{reload: true, notify: true}" href="/">...</a> is not clickable at point (1155, 680). Other element would receive the click: <div ng-class="['modal','loader', {'show':menuLoading}]" id="menuPleaseWaitDialog" data-backdrop="static" data-keyboard="false" class="modal loader show" style="">...</div>
  (Session info: chrome=72.0.3626.121)
  (Driver info: chromedriver=2.38.552522 (437e6fbedfa8762dec75e2c5b3ddb86763dc9dcb),platform=Windows NT 10.0.16299 x86_64) (WARNING: The server did not provide any stacktrace information)
Command duration or timeout: 35 milliseconds
Build info: version: 'unknown', revision: '8c03df6', time: '2017-03-02 09:30:17 -0800'
System info: host: 'PC441585', ip: '10.227.9.192', os.name: 'Windows 10', os.arch: 'amd64', os.version: '10.0', java.version: '1.8.0_144'
Driver info: org.openqa.selenium.chrome.ChromeDriver
Capabilities [{applicationCacheEnabled=false, rotatable=false, mobileEmulationEnabled=false, networkConnectionEnabled=false, chrome={chromedriverVersion=2.38.552522 (437e6fbedfa8762dec75e2c5b3ddb86763dc9dcb), userDataDir=C:\Users\698531\AppData\Local\Temp\scoped_dir55572_20513}, takesHeapSnapshot=true, pageLoadStrategy=normal, databaseEnabled=false, handlesAlerts=true, hasTouchScreen=false, version=72.0.3626.121, platform=XP, browserConnectionEnabled=false, nativeEvents=true, acceptSslCerts=false, acceptInsecureCerts=false, locationContextEnabled=true, webStorageEnabled=true, browserName=chrome, takesScreenshot=true, javascriptEnabled=true, cssSelectorsEnabled=true, setWindowRect=true, unexpectedAlertBehaviour=}]
Session ID: 5584bb473ff2a868fa5204a86eda86be]]>
            </message>
            <full-stacktrace>
              <![CDATA[org.openqa.selenium.WebDriverException: unknown error: Element <a ui-sref="/" ui-sref-opts="{reload: true, notify: true}" href="/">...</a> is not clickable at point (1155, 680). Other element would receive the click: <div ng-class="['modal','loader', {'show':menuLoading}]" id="menuPleaseWaitDialog" data-backdrop="static" data-keyboard="false" class="modal loader show" style="">...</div>
  (Session info: chrome=72.0.3626.121)
  (Driver info: chromedriver=2.38.552522 (437e6fbedfa8762dec75e2c5b3ddb86763dc9dcb),platform=Windows NT 10.0.16299 x86_64) (WARNING: The server did not provide any stacktrace information)
Command duration or timeout: 35 milliseconds
Build info: version: 'unknown', revision: '8c03df6', time: '2017-03-02 09:30:17 -0800'
System info: host: 'PC441585', ip: '10.227.9.192', os.name: 'Windows 10', os.arch: 'amd64', os.version: '10.0', java.version: '1.8.0_144'
Driver info: org.openqa.selenium.chrome.ChromeDriver
Capabilities [{applicationCacheEnabled=false, rotatable=false, mobileEmulationEnabled=false, networkConnectionEnabled=false, chrome={chromedriverVersion=2.38.552522 (437e6fbedfa8762dec75e2c5b3ddb86763dc9dcb), userDataDir=C:\Users\698531\AppData\Local\Temp\scoped_dir55572_20513}, takesHeapSnapshot=true, pageLoadStrategy=normal, databaseEnabled=false, handlesAlerts=true, hasTouchScreen=false, version=72.0.3626.121, platform=XP, browserConnectionEnabled=false, nativeEvents=true, acceptSslCerts=false, acceptInsecureCerts=false, locationContextEnabled=true, webStorageEnabled=true, browserName=chrome, takesScreenshot=true, javascriptEnabled=true, cssSelectorsEnabled=true, setWindowRect=true, unexpectedAlertBehaviour=}]
Session ID: 5584bb473ff2a868fa5204a86eda86be
at sun.reflect.NativeConstructorAccessorImpl.newInstance0(Native Method)
at sun.reflect.NativeConstructorAccessorImpl.newInstance(Unknown Source)
at sun.reflect.DelegatingConstructorAccessorImpl.newInstance(Unknown Source)
at java.lang.reflect.Constructor.newInstance(Unknown Source)
at org.openqa.selenium.remote.ErrorHandler.createThrowable(ErrorHandler.java:216)
at org.openqa.selenium.remote.ErrorHandler.throwIfResponseFailed(ErrorHandler.java:168)
at org.openqa.selenium.remote.RemoteWebDriver.execute(RemoteWebDriver.java:638)
at org.openqa.selenium.remote.RemoteWebElement.execute(RemoteWebElement.java:274)
at org.openqa.selenium.remote.RemoteWebElement.click(RemoteWebElement.java:84)
at Common_flow.Do_Another_booking_button_funcationality.verify_do_another_booking_button_functionality(Do_Another_booking_button_funcationality.java:22)
at mainEvent.Run.BowlingFlowTC_14.verifyPaymentPage_Go_back_home_button(BowlingFlowTC_14.java:105)
at sun.reflect.NativeMethodAccessorImpl.invoke0(Native Method)
at sun.reflect.NativeMethodAccessorImpl.invoke(Unknown Source)
at sun.reflect.DelegatingMethodAccessorImpl.invoke(Unknown Source)
at java.lang.reflect.Method.invoke(Unknown Source)
at org.testng.internal.MethodInvocationHelper.invokeMethod(MethodInvocationHelper.java:124)
at org.testng.internal.Invoker.invokeMethod(Invoker.java:580)
at org.testng.internal.Invoker.invokeTestMethod(Invoker.java:716)
at org.testng.internal.Invoker.invokeTestMethods(Invoker.java:988)
at org.testng.internal.TestMethodWorker.invokeTestMethods(TestMethodWorker.java:125)
at org.testng.internal.TestMethodWorker.run(TestMethodWorker.java:109)
at org.testng.TestRunner.privateRun(TestRunner.java:648)
at org.testng.TestRunner.run(TestRunner.java:505)
at org.testng.SuiteRunner.runTest(SuiteRunner.java:455)
at org.testng.SuiteRunner.runSequentially(SuiteRunner.java:450)
at org.testng.SuiteRunner.privateRun(SuiteRunner.java:415)
at org.testng.SuiteRunner.run(SuiteRunner.java:364)
at org.testng.SuiteRunnerWorker.runSuite(SuiteRunnerWorker.java:52)
at org.testng.SuiteRunnerWorker.run(SuiteRunnerWorker.java:84)
at org.testng.TestNG.runSuitesSequentially(TestNG.java:1208)
at org.testng.TestNG.runSuitesLocally(TestNG.java:1137)
at org.testng.TestNG.runSuites(TestNG.java:1049)
at org.testng.TestNG.run(TestNG.java:1017)
at org.testng.remote.AbstractRemoteTestNG.run(AbstractRemoteTestNG.java:114)
at org.testng.remote.RemoteTestNG.initAndRun(RemoteTestNG.java:251)
at org.testng.remote.RemoteTestNG.main(RemoteTestNG.java:77)
]]>
            </full-stacktrace>
          </exception> <!-- org.openqa.selenium.WebDriverException -->
          <reporter-output>
          </reporter-output>
        </test-method> <!-- verifyPaymentPage_Go_back_home_button -->
        <test-method status="PASS" signature="verifyPaymentPage_Go_back_home_button()[pri:9, instance:mainEvent.Run.BowlingFlowTC_14@462d5aee]" name="verifyPaymentPage_Go_back_home_button" duration-ms="183" started-at="2019-07-11T12:39:21Z" finished-at="2019-07-11T12:39:21Z">
          <reporter-output>
          </reporter-output>
        </test-method> <!-- verifyPaymentPage_Go_back_home_button -->
        <test-method status="PASS" signature="getResult(org.testng.ITestResult)[pri:0, instance:mainEvent.Run.BowlingFlowTC_14@462d5aee]" name="getResult" is-config="true" duration-ms="0" started-at="2019-07-11T12:39:21Z" finished-at="2019-07-11T12:39:21Z">
          <params>
            <param index="0">
              <value>
                <![CDATA[[TestResult name=verifyPaymentPage_Go_back_home_button status=SKIP method=BowlingFlowTC_14.verifyPaymentPage_Go_back_home_button()[pri:9, instance:mainEvent.Run.BowlingFlowTC_14@462d5aee] output={null}]]]>
              </value>
            </param>
          </params>
          <reporter-output>
          </reporter-output>
        </test-method> <!-- getResult -->
        <test-method status="PASS" signature="getResult(org.testng.ITestResult)[pri:0, instance:mainEvent.Run.BowlingFlowTC_14@462d5aee]" name="getResult" is-config="true" duration-ms="0" started-at="2019-07-11T12:39:21Z" finished-at="2019-07-11T12:39:21Z">
          <params>
            <param index="0">
              <value>
                <![CDATA[[TestResult name=verifyPaymentPage_Go_back_home_button status=SUCCESS method=BowlingFlowTC_14.verifyPaymentPage_Go_back_home_button()[pri:9, instance:mainEvent.Run.BowlingFlowTC_14@462d5aee] output={null}]]]>
              </value>
            </param>
          </params>
          <reporter-output>
          </reporter-output>
        </test-method> <!-- getResult -->
        <test-method status="PASS" signature="endReport()[pri:0, instance:mainEvent.Run.BowlingFlowTC_14@462d5aee]" name="endReport" is-config="true" duration-ms="518" started-at="2019-07-11T12:39:21Z" finished-at="2019-07-11T12:39:21Z">
          <reporter-output>
          </reporter-output>
        </test-method> <!-- endReport -->
      </class> <!-- mainEvent.Run.BowlingFlowTC_14 -->
    </test> <!-- Default test -->
  </suite> <!-- Default suite -->
</testng-results>
